<!DOCTYPE html>
<html xmlns="http://www.w3.org/1999/xhtml">
<head>
<meta http-equiv="Content-Type" content="text/html; charset=UTF-8" />
	<title>Cucumber-JVM Html Reports - Feature: Login </title>
	<link rel="stylesheet" href="blue/css/style.css" type="text/css" media="screen" />
	<link rel="stylesheet" href="blue/css/skin/style.css" type="text/css" media="screen" />
	<link rel="stylesheet" href="blue/css/960.css" type="text/css" media="screen" />
	<link rel="stylesheet" href="blue/css/reset.css" type="text/css" media="screen" />
	<link rel="stylesheet" href="blue/css/text.css" type="text/css" media="screen" />
	<link rel="shortcut icon" href="blue/favicon.ico" />
	<script src="http://ajax.googleapis.com/ajax/libs/jquery/1.11.2/jquery.min.js"></script>
	<link rel="stylesheet" href="https://cdnjs.cloudflare.com/ajax/libs/lightbox2/2.7.1/css/lightbox.css">
	<script src="https://cdnjs.cloudflare.com/ajax/libs/lightbox2/2.7.1/js/lightbox.min.js"></script>
    
<style>

.feature-keyword {
	font-weight: bold;
}

.feature-description {
	padding-left: 15px;
	font-style: italic;
	background-color: beige;
}

.feature-role {
	font-weight: bold;
}

.feature-action {
	font-weight: bold;
}

.feature-value {
	font-weight: bold;
}

.feature-tags {
	padding-top: 10px;
	padding-left: 15px;
	color: darkblue;
}

.scenario-keyword {
	font-weight: bold;
	padding-left: 15px;
}

.scenario-scenario_name {
	padding-left: 15px;
}

.step-keyword {
	font-weight: bold;
	padding-left: 50px;
}

.step-error-message {
	background-color: #FFEEEE;
	padding-left: 50px;
	border: 1px solid #D88A8A;
}

.step-duration {
	float: right;
	padding-right: 15px;
}

.passed {
	background-color: #C5D88A;
}

.failed {
	background-color: #D88A8A;
}

.skipped {
	background-color: #88AAFF;
}

.pending {
	background-color: #FBB907;
}

.undefined {
	background-color: #FBB987;
}

.missing {
	background-color: #FBB9D7;
}

table.stats-table {
	color: black;
	width: 100%;
	border-width: 1px;
	border-spacing: 2px;
	border-style: outset;
	border-color: gray;
	border-collapse: collapse;
	background-color: white;
}

table.stats-table th {
	color: black;
	border-width: 1px;
	padding: 5px;
	border-style: inset;
	border-color: gray;
	background-color: #66CCEE;
	-moz-border-radius:;
}

table.stats-table td {
	color: black;
	text-align: center;
	border-width: 1px;
	padding: 5px;
	border-style: inset;
	border-color: gray;
	background-color: white;
	-moz-border-radius:;
}

table.data-table {
	color: black;
	border-width: 1px;
	border-spacing: 2px;
	border-style: outset;
	border-color: #d6d6d6;
	border-collapse: collapse;
	background-color: beige;
}

table.data-table th {
	color: black;
	border-width: 1px;
	padding: 5px;
	border-style: inset;
	border-color: #d6d6d6;
	background-color: #66CCEE;
}

table.data-table td {
	color: black;
	text-align: center;
	border-width: 1px;
	padding: 5px;
	border-style: inset;
	border-color: #d6d6d6;
	background-color: beige;
}

.data {
	padding-left: 50px;
	padding-bottom: 10px;
	padding-top: 10px;
}

.output-data {
	padding-left: 50px;
	background-color: beige;
}

.doc-string {
	width: auto;
	display: inline-block;
	margin: 10px auto 10px 70px;
	padding: 10px;
	background-color: rgba(255, 255, 255, 0.35);
	border-radius: 10px;
	font-family: "Courier New", Courier, monospace;
	font-size: 95%;
}

.graph {
	margin-bottom: 50px;
	margin-top: 30px;
	clear: both;
	font-family: georgia, serif;
	font-size: 14px;
}

.graph-header h3 {
	margin-bottom: 0px;
}

.graph-header {
	text-align: center;
}

.graph-header p {
	margin-top: 0px;
}

.graph .legend td, .graph .legend, .graph .legend tr {
	padding: 0px;
	margin: 0px;
	border-collapse: collapse;
}

.graph .legend {
	margin-left: 10px;
}

.graph .legend td {
	padding-right: 5px;
}

.graph .legend .color-box {
	width: 14px;
	height: 10px;
	overflow: hidden;
}

.graph .label {
	text-align: center;
	padding-top: 5px;
	padding-bottom: 5px;
	display: block;
	position: absolute;
	right: -5px;
	top: 15px;
	-webkit-transform: rotate(45deg);
	-moz-transform: rotate(45deg);
}

</style>
<style>
    .CodeMirror-scroll {
      height: auto;
      overflow-y: hidden;
      overflow-x: auto;
    }
</style>

</head>
<body id="top">
	<div id="fullwidth_header">
		<div class="container_12">
			<h1 class="grid_4 logo"><a href="feature-overview.html" class='ie6fix'>Cucumber</a></h1>
			<div class="grid_6" id="nav">
				<ul>
                    					<li><a href="tag-overview.html">Tag Overview</a></li>
					<li><a href="feature-overview.html">Feature Overview</a></li>
				</ul>
			</div>
		</div>
	</div>
	<div id="fullwidth_gradient">
		<div class="container_12">
			<div class="grid_9 heading">
				<h2 id="feature-title">Feature Result for Build: 1</h2>
			</div>
		</div>
	</div>

	<div class="container_12">
		<div class="grid_12">

            <div>
                <table class="stats-table">
                                            <tr>
    <th></th>
    <th id="stats-header-scenarios" colspan="3">Scenarios</th>
    <th id="stats-header-steps" colspan="7">Steps</th>
    <th></th>
    <th></th>
</tr>
<tr>
    <th id="stats-header-feature">Feature</th>
    <th id="stats-header-scenarios-total">Total</th>
    <th id="stats-header-scenarios-passed">Passed</th>
    <th id="stats-header-scenarios-failed">Failed</th>
    <th id="stats-header-steps-total">Total</th>
    <th id="stats-header-steps-passed"    style="background-color:#00CE00;">Passed</th>
    <th id="stats-header-steps-failed"    style="background-color:#FF0000;">Failed</th>
    <th id="stats-header-steps-skipped"   style="background-color:#88AAFF;">Skipped</th>
    <th id="stats-header-steps-pending"   style="background-color:#FBB907;">Pending</th>
    <th id="stats-header-steps-undefined" style="background-color:#FBB957;">Undefined</th>
    <th id="stats-header-steps-missing"   style="background-color:#FBB9A7;">Missing</th>
    <th id="stats-header-duration">Duration</th>
    <th id="stats-header-status">Status</th>
</tr>
                                        
                    
                    <tr>
                        <td><a id="stats-Login" href="Login.feature.html">Login</a></td>
                                                <td id="stats-number-scenarios-Login">1</td>
                        <td id="stats-number-scenarios-passed-Login">0</td>
                        <td id="stats-number-scenarios-failed-Login">1</td>
                        <td id="stats-number-steps-Login">4</td>
                        <td id="stats-number-steps-passed-Login">0</td>
                        <td id="stats-number-steps-failed-Login"      style="background-color:#FF0000;" >1</td>
                        <td id="stats-number-steps-skipped-Login"      style="background-color:#88AAFF;" >3</td>
                        <td id="stats-number-steps-pending-Login"   >0</td>
                        <td id="stats-number-steps-undefined-Login" >0</td>
                        <td id="stats-number-steps-missing-Login"   >0</td>
                        <td id="stats-duration-Login" style="text-align:right;white-space:nowrap">01m 06s 471ms</td>
                        <td id="stats-status-Login" style="background-color: #FF0000;">failed</td></tr>

                </table>

            </div>

		<div style="color:black;">

            <div class="feature-tags"><a href="Login.html">@Login</a></div>
            <div class="failed"><div class="feature-line"><span class="feature-keyword">Feature:</span> Login</div></div>
            

                            <div class="feature-tags"><a href="Login.html">@Login</a>,<a href="LogOut.html">@LogOut</a></div>
                <div class="failed"><span class="scenario-keyword">Scenario Outline: </span> <span class="scenario-name">User should can logout</span></div>
                                  <div class="failed"><span class="step-keyword">Given  </span><span class="step-name">I navigate to Login page</span><span class="step-duration">01m 06s 471ms</span><div class="step-error-message"><pre>org.openqa.selenium.TimeoutException: Timed out after 30 seconds waiting for visibility of Proxy element for: org.openqa.selenium.support.pagefactory.DefaultElementLocator@20d11153
Build info: version: '2.46.0', revision: '61506a4624b13675f24581e453592342b7485d71', time: '2015-06-04 10:22:50'
System info: host: 'QDV04DDAVI001', ip: '172.20.200.44', os.name: 'Windows Server 2012 R2', os.arch: 'amd64', os.version: '6.3', java.version: '1.8.0_65'
Driver info: org.openqa.selenium.firefox.FirefoxDriver
Capabilities [{applicationCacheEnabled=true, rotatable=false, handlesAlerts=true, databaseEnabled=true, version=42.0, platform=WINDOWS, nativeEvents=false, acceptSslCerts=true, webStorageEnabled=true, locationContextEnabled=true, browserName=firefox, takesScreenshot=true, javascriptEnabled=true, cssSelectorsEnabled=true}]
Session ID: 89d4ffc9-a2b5-4076-8ab6-4e47aa614f83
	at org.openqa.selenium.support.ui.WebDriverWait.timeoutException(WebDriverWait.java:80)
	at org.openqa.selenium.support.ui.FluentWait.until(FluentWait.java:229)
	at ui.pages.LoginPage.waitUntilPageObjectIsLoaded(LoginPage.java:40)
	at ui.BasePageObject.<init>(BasePageObject.java:27)
	at ui.pages.LoginPage.<init>(LoginPage.java:33)
	at ui.PageTransporter.navigateToLoginPage(PageTransporter.java:52)
	at steps.LoginSteps.navigateLoginPage(LoginSteps.java:43)
	at âœ½.Given I navigate to Login page(Login.feature:30)
Caused by: org.openqa.selenium.NoSuchElementException: Unable to locate element: {"method":"id","selector":"login_button"}
Command duration or timeout: 20.08 seconds
For documentation on this error, please visit: http://seleniumhq.org/exceptions/no_such_element.html
Build info: version: '2.46.0', revision: '61506a4624b13675f24581e453592342b7485d71', time: '2015-06-04 10:22:50'
System info: host: 'QDV04DDAVI001', ip: '172.20.200.44', os.name: 'Windows Server 2012 R2', os.arch: 'amd64', os.version: '6.3', java.version: '1.8.0_65'
Driver info: org.openqa.selenium.firefox.FirefoxDriver
Capabilities [{applicationCacheEnabled=true, rotatable=false, handlesAlerts=true, databaseEnabled=true, version=42.0, platform=WINDOWS, nativeEvents=false, acceptSslCerts=true, webStorageEnabled=true, locationContextEnabled=true, browserName=firefox, takesScreenshot=true, javascriptEnabled=true, cssSelectorsEnabled=true}]
Session ID: 89d4ffc9-a2b5-4076-8ab6-4e47aa614f83
*** Element info: {Using=id, value=login_button}
	at sun.reflect.NativeConstructorAccessorImpl.newInstance0(Native Method)
	at sun.reflect.NativeConstructorAccessorImpl.newInstance(NativeConstructorAccessorImpl.java:62)
	at sun.reflect.DelegatingConstructorAccessorImpl.newInstance(DelegatingConstructorAccessorImpl.java:45)
	at java.lang.reflect.Constructor.newInstance(Constructor.java:422)
	at org.openqa.selenium.remote.ErrorHandler.createThrowable(ErrorHandler.java:204)
	at org.openqa.selenium.remote.ErrorHandler.throwIfResponseFailed(ErrorHandler.java:156)
	at org.openqa.selenium.remote.RemoteWebDriver.execute(RemoteWebDriver.java:605)
	at org.openqa.selenium.remote.RemoteWebDriver.findElement(RemoteWebDriver.java:358)
	at org.openqa.selenium.remote.RemoteWebDriver.findElementById(RemoteWebDriver.java:399)
	at org.openqa.selenium.By$ById.findElement(By.java:215)
	at org.openqa.selenium.remote.RemoteWebDriver.findElement(RemoteWebDriver.java:350)
	at org.openqa.selenium.support.pagefactory.DefaultElementLocator.findElement(DefaultElementLocator.java:69)
	at org.openqa.selenium.support.pagefactory.internal.LocatingElementHandler.invoke(LocatingElementHandler.java:38)
	at com.sun.proxy.$Proxy10.isDisplayed(Unknown Source)
	at org.openqa.selenium.support.ui.ExpectedConditions.elementIfVisible(ExpectedConditions.java:302)
	at org.openqa.selenium.support.ui.ExpectedConditions.access$100(ExpectedConditions.java:41)
	at org.openqa.selenium.support.ui.ExpectedConditions$10.apply(ExpectedConditions.java:288)
	at org.openqa.selenium.support.ui.ExpectedConditions$10.apply(ExpectedConditions.java:285)
	at org.openqa.selenium.support.ui.FluentWait.until(FluentWait.java:209)
	at ui.pages.LoginPage.waitUntilPageObjectIsLoaded(LoginPage.java:40)
	at ui.BasePageObject.<init>(BasePageObject.java:27)
	at ui.pages.LoginPage.<init>(LoginPage.java:33)
	at ui.PageTransporter.navigateToLoginPage(PageTransporter.java:52)
	at steps.LoginSteps.navigateLoginPage(LoginSteps.java:43)
	at sun.reflect.NativeMethodAccessorImpl.invoke0(Native Method)
	at sun.reflect.NativeMethodAccessorImpl.invoke(NativeMethodAccessorImpl.java:62)
	at sun.reflect.DelegatingMethodAccessorImpl.invoke(DelegatingMethodAccessorImpl.java:43)
	at java.lang.reflect.Method.invoke(Method.java:497)
	at cucumber.runtime.Utils$1.call(Utils.java:37)
	at cucumber.runtime.Timeout.timeout(Timeout.java:13)
	at cucumber.runtime.Utils.invoke(Utils.java:31)
	at cucumber.runtime.java.JavaStepDefinition.execute(JavaStepDefinition.java:38)
	at cucumber.runtime.StepDefinitionMatch.runStep(StepDefinitionMatch.java:37)
	at cucumber.runtime.Runtime.runStep(Runtime.java:299)
	at cucumber.runtime.model.StepContainer.runStep(StepContainer.java:44)
	at cucumber.runtime.model.StepContainer.runSteps(StepContainer.java:39)
	at cucumber.runtime.model.CucumberScenario.run(CucumberScenario.java:44)
	at cucumber.runtime.model.CucumberScenarioOutline.run(CucumberScenarioOutline.java:46)
	at cucumber.runtime.model.CucumberFeature.run(CucumberFeature.java:165)
	at cucumber.api.testng.TestNGCucumberRunner.runCucumber(TestNGCucumberRunner.java:63)
	at cucumber.api.testng.AbstractTestNGCucumberTests.feature(AbstractTestNGCucumberTests.java:21)
	at sun.reflect.NativeMethodAccessorImpl.invoke0(Native Method)
	at sun.reflect.NativeMethodAccessorImpl.invoke(NativeMethodAccessorImpl.java:62)
	at sun.reflect.DelegatingMethodAccessorImpl.invoke(DelegatingMethodAccessorImpl.java:43)
	at java.lang.reflect.Method.invoke(Method.java:497)
	at org.testng.internal.MethodInvocationHelper.invokeMethod(MethodInvocationHelper.java:85)
	at org.testng.internal.Invoker.invokeMethod(Invoker.java:659)
	at org.testng.internal.Invoker.invokeTestMethod(Invoker.java:845)
	at org.testng.internal.Invoker.invokeTestMethods(Invoker.java:1153)
	at org.testng.internal.TestMethodWorker.invokeTestMethods(TestMethodWorker.java:125)
	at org.testng.internal.TestMethodWorker.run(TestMethodWorker.java:108)
	at org.testng.TestRunner.privateRun(TestRunner.java:771)
	at org.testng.TestRunner.run(TestRunner.java:621)
	at org.testng.SuiteRunner.runTest(SuiteRunner.java:357)
	at org.testng.SuiteRunner.runSequentially(SuiteRunner.java:352)
	at org.testng.SuiteRunner.privateRun(SuiteRunner.java:310)
	at org.testng.SuiteRunner.run(SuiteRunner.java:259)
	at org.testng.SuiteRunnerWorker.runSuite(SuiteRunnerWorker.java:52)
	at org.testng.SuiteRunnerWorker.run(SuiteRunnerWorker.java:86)
	at org.testng.TestNG.runSuitesSequentially(TestNG.java:1199)
	at org.testng.TestNG.runSuitesLocally(TestNG.java:1124)
	at org.testng.TestNG.run(TestNG.java:1032)
	at org.apache.maven.surefire.testng.TestNGExecutor.run(TestNGExecutor.java:115)
	at org.apache.maven.surefire.testng.TestNGDirectoryTestSuite.executeSingleClass(TestNGDirectoryTestSuite.java:129)
	at org.apache.maven.surefire.testng.TestNGDirectoryTestSuite.execute(TestNGDirectoryTestSuite.java:113)
	at org.apache.maven.surefire.testng.TestNGProvider.invoke(TestNGProvider.java:111)
	at org.apache.maven.surefire.booter.ForkedBooter.invokeProviderInSameClassLoader(ForkedBooter.java:203)
	at org.apache.maven.surefire.booter.ForkedBooter.runSuitesInProcess(ForkedBooter.java:155)
	at org.apache.maven.surefire.booter.ForkedBooter.main(ForkedBooter.java:103)
Caused by: org.openqa.selenium.NoSuchElementException: Unable to locate element: {"method":"id","selector":"login_button"}
For documentation on this error, please visit: http://seleniumhq.org/exceptions/no_such_element.html
Build info: version: '2.46.0', revision: '61506a4624b13675f24581e453592342b7485d71', time: '2015-06-04 10:22:50'
System info: host: 'QDV04DDAVI001', ip: '172.20.200.44', os.name: 'Windows Server 2012 R2', os.arch: 'amd64', os.version: '6.3', java.version: '1.8.0_65'
Driver info: driver.version: unknown
	at <anonymous class>.FirefoxDriver.prototype.findElementInternal_(file:///C:/Users/DAMIAN~1/AppData/Local/Temp/2/anonymous5846220875161205807webdriver-profile/extensions/fxdriver@googlecode.com/components/driver-component.js:10299)
	at <anonymous class>.fxdriver.Timer.prototype.setTimeout/<.notify(file:///C:/Users/DAMIAN~1/AppData/Local/Temp/2/anonymous5846220875161205807webdriver-profile/extensions/fxdriver@googlecode.com/components/driver-component.js:603)
</pre></div></div>
                    
                                      <div class="output-data"></div>
                                  <div class="skipped"><span class="step-keyword">When  </span><span class="step-name">I login as &quot;Damian.Villanueva@fundacion-jala.org&quot; with password &quot;Control123&quot;</span><span class="step-duration">000ms</span></div>
                    
                                      <div class="output-data"></div>
                                  <div class="skipped"><span class="step-keyword">Then  </span><span class="step-name">I should login successfully</span><span class="step-duration">000ms</span></div>
                    
                                      <div class="output-data"></div>
                                  <div class="skipped"><span class="step-keyword">When  </span><span class="step-name">I logout</span><span class="step-duration">000ms</span></div>
                    
                                      <div class="output-data"></div>
                            
	</div>
	</div>


	<div class="container_12">
		<div class="grid_12 hr"></div>
		<div class="grid_12 footer">
            <p style="text-align:center;"><a href="https://github.com/masterthought/jenkins-cucumber-jvm-reports-plugin-java">Cucumber-JVM Jenkins Report Plugin</a> - version: cucumber-reporting-0.1.0 - 30-11-2015 14:56:04</p>
		</div>
	</div>
	<div class="clear"></div>
</body>
